  glad.c
  main.cpp
C:\Users\AlchenTheCat\Documents\UNIVERSIDAD\Semestre VIII\Topicos de computacion grafica\Proyecto1\src\dimg.h(13,1): error C2059: syntax error: '<<'
C:\Users\AlchenTheCat\Documents\UNIVERSIDAD\Semestre VIII\Topicos de computacion grafica\Proyecto1\src\dimg.h(43,1): warning C4005: 'DIMG_RED': macro redefinition
C:\Users\AlchenTheCat\Documents\UNIVERSIDAD\Semestre VIII\Topicos de computacion grafica\Proyecto1\src\dimg.h(27): message : see previous definition of 'DIMG_RED'
C:\Users\AlchenTheCat\Documents\UNIVERSIDAD\Semestre VIII\Topicos de computacion grafica\Proyecto1\src\dimg.h(44,9): error C2177: constant too big
C:\Users\AlchenTheCat\Documents\UNIVERSIDAD\Semestre VIII\Topicos de computacion grafica\Proyecto1\src\dimg.h(104,1): error C2059: syntax error: '<<'
C:\Users\AlchenTheCat\Documents\UNIVERSIDAD\Semestre VIII\Topicos de computacion grafica\Proyecto1\src\dimg.h(105,75): error C2238: unexpected token(s) preceding ';'
C:\Users\AlchenTheCat\Documents\UNIVERSIDAD\Semestre VIII\Topicos de computacion grafica\Proyecto1\src\dimg.h(106,69): error C2061: syntax error: identifier 'DIMGenum'
C:\Users\AlchenTheCat\Documents\UNIVERSIDAD\Semestre VIII\Topicos de computacion grafica\Proyecto1\src\dimg.h(107,90): error C2061: syntax error: identifier 'DIMGenum'
C:\Users\AlchenTheCat\Documents\UNIVERSIDAD\Semestre VIII\Topicos de computacion grafica\Proyecto1\src\dimg.h(108,104): error C2061: syntax error: identifier 'DIMGenum'
C:\Users\AlchenTheCat\Documents\UNIVERSIDAD\Semestre VIII\Topicos de computacion grafica\Proyecto1\src\dimg.h(109,101): error C2061: syntax error: identifier 'DIMGenum'
C:\Users\AlchenTheCat\Documents\UNIVERSIDAD\Semestre VIII\Topicos de computacion grafica\Proyecto1\src\dimg.h(110,115): error C2061: syntax error: identifier 'DIMGenum'
C:\Users\AlchenTheCat\Documents\UNIVERSIDAD\Semestre VIII\Topicos de computacion grafica\Proyecto1\src\dimg.h(111,117): error C2061: syntax error: identifier 'DIMGenum'
C:\Users\AlchenTheCat\Documents\UNIVERSIDAD\Semestre VIII\Topicos de computacion grafica\Proyecto1\src\dimg.h(112,117): error C2061: syntax error: identifier 'DIMGenum'
C:\Users\AlchenTheCat\Documents\UNIVERSIDAD\Semestre VIII\Topicos de computacion grafica\Proyecto1\src\dimg.h(113,125): error C2061: syntax error: identifier 'DIMGenum'
C:\Users\AlchenTheCat\Documents\UNIVERSIDAD\Semestre VIII\Topicos de computacion grafica\Proyecto1\src\dimg.h(114,115): error C2061: syntax error: identifier 'DIMGenum'
C:\Users\AlchenTheCat\Documents\UNIVERSIDAD\Semestre VIII\Topicos de computacion grafica\Proyecto1\src\dimg.h(115,128): error C2061: syntax error: identifier 'DIMGenum'
C:\Users\AlchenTheCat\Documents\UNIVERSIDAD\Semestre VIII\Topicos de computacion grafica\Proyecto1\src\dimg.h(116,92): error C2061: syntax error: identifier 'DIMGenum'
C:\Users\AlchenTheCat\Documents\UNIVERSIDAD\Semestre VIII\Topicos de computacion grafica\Proyecto1\src\dimg.h(123,1): error C2059: syntax error: '=='
C:\Users\AlchenTheCat\Documents\UNIVERSIDAD\Semestre VIII\Topicos de computacion grafica\Proyecto1\src\dimg.h(135,74): error C2238: unexpected token(s) preceding ';'
C:\Users\AlchenTheCat\Documents\UNIVERSIDAD\Semestre VIII\Topicos de computacion grafica\Proyecto1\src\dimg.h(147,69): error C2061: syntax error: identifier 'DIMGenum'
C:\Users\AlchenTheCat\Documents\UNIVERSIDAD\Semestre VIII\Topicos de computacion grafica\Proyecto1\src\dimg.h(147,75): error C2535: 'bool dimg::dimg_grayscale(const char *,const char *)': member function already defined or declared
C:\Users\AlchenTheCat\Documents\UNIVERSIDAD\Semestre VIII\Topicos de computacion grafica\Proyecto1\src\dimg.h(106): message : see declaration of 'dimg::dimg_grayscale'
C:\Users\AlchenTheCat\Documents\UNIVERSIDAD\Semestre VIII\Topicos de computacion grafica\Proyecto1\src\dimg.h(159,90): error C2061: syntax error: identifier 'DIMGenum'
C:\Users\AlchenTheCat\Documents\UNIVERSIDAD\Semestre VIII\Topicos de computacion grafica\Proyecto1\src\dimg.h(159,96): error C2535: 'bool dimg::dimg_black_and_white(const char *,const char *,int)': member function already defined or declared
C:\Users\AlchenTheCat\Documents\UNIVERSIDAD\Semestre VIII\Topicos de computacion grafica\Proyecto1\src\dimg.h(107): message : see declaration of 'dimg::dimg_black_and_white'
C:\Users\AlchenTheCat\Documents\UNIVERSIDAD\Semestre VIII\Topicos de computacion grafica\Proyecto1\src\dimg.h(173,104): error C2061: syntax error: identifier 'DIMGenum'
C:\Users\AlchenTheCat\Documents\UNIVERSIDAD\Semestre VIII\Topicos de computacion grafica\Proyecto1\src\dimg.h(173,110): error C2535: 'bool dimg::dimg_mean_blur(const char *,const char *,int,int)': member function already defined or declared
C:\Users\AlchenTheCat\Documents\UNIVERSIDAD\Semestre VIII\Topicos de computacion grafica\Proyecto1\src\dimg.h(108): message : see declaration of 'dimg::dimg_mean_blur'
C:\Users\AlchenTheCat\Documents\UNIVERSIDAD\Semestre VIII\Topicos de computacion grafica\Proyecto1\src\dimg.h(186,101): error C2061: syntax error: identifier 'DIMGenum'
C:\Users\AlchenTheCat\Documents\UNIVERSIDAD\Semestre VIII\Topicos de computacion grafica\Proyecto1\src\dimg.h(186,107): error C2535: 'bool dimg::dimg_median(const char *,const char *,int,int)': member function already defined or declared
C:\Users\AlchenTheCat\Documents\UNIVERSIDAD\Semestre VIII\Topicos de computacion grafica\Proyecto1\src\dimg.h(109): message : see declaration of 'dimg::dimg_median'
C:\Users\AlchenTheCat\Documents\UNIVERSIDAD\Semestre VIII\Topicos de computacion grafica\Proyecto1\src\dimg.h(199,115): error C2061: syntax error: identifier 'DIMGenum'
C:\Users\AlchenTheCat\Documents\UNIVERSIDAD\Semestre VIII\Topicos de computacion grafica\Proyecto1\src\dimg.h(199,121): error C2535: 'bool dimg::dimg_sobel_edge_detection(const char *,const char *,int,int)': member function already defined or declared
C:\Users\AlchenTheCat\Documents\UNIVERSIDAD\Semestre VIII\Topicos de computacion grafica\Proyecto1\src\dimg.h(110): message : see declaration of 'dimg::dimg_sobel_edge_detection'
C:\Users\AlchenTheCat\Documents\UNIVERSIDAD\Semestre VIII\Topicos de computacion grafica\Proyecto1\src\dimg.h(212,117): error C2061: syntax error: identifier 'DIMGenum'
C:\Users\AlchenTheCat\Documents\UNIVERSIDAD\Semestre VIII\Topicos de computacion grafica\Proyecto1\src\dimg.h(212,123): error C2535: 'bool dimg::dimg_roberts_edge_detection(const char *,const char *,int,int)': member function already defined or declared
C:\Users\AlchenTheCat\Documents\UNIVERSIDAD\Semestre VIII\Topicos de computacion grafica\Proyecto1\src\dimg.h(111): message : see declaration of 'dimg::dimg_roberts_edge_detection'
C:\Users\AlchenTheCat\Documents\UNIVERSIDAD\Semestre VIII\Topicos de computacion grafica\Proyecto1\src\dimg.h(225,117): error C2061: syntax error: identifier 'DIMGenum'
C:\Users\AlchenTheCat\Documents\UNIVERSIDAD\Semestre VIII\Topicos de computacion grafica\Proyecto1\src\dimg.h(225,123): error C2535: 'bool dimg::dimg_prewitt_edge_detection(const char *,const char *,int,int)': member function already defined or declared
C:\Users\AlchenTheCat\Documents\UNIVERSIDAD\Semestre VIII\Topicos de computacion grafica\Proyecto1\src\dimg.h(112): message : see declaration of 'dimg::dimg_prewitt_edge_detection'
C:\Users\AlchenTheCat\Documents\UNIVERSIDAD\Semestre VIII\Topicos de computacion grafica\Proyecto1\src\dimg.h(239,126): error C2061: syntax error: identifier 'DIMGenum'
C:\Users\AlchenTheCat\Documents\UNIVERSIDAD\Semestre VIII\Topicos de computacion grafica\Proyecto1\src\dimg.h(239,132): error C2535: 'bool dimg::dimg_log_edge_detection(const char *,const char *,int,int,float)': member function already defined or declared
C:\Users\AlchenTheCat\Documents\UNIVERSIDAD\Semestre VIII\Topicos de computacion grafica\Proyecto1\src\dimg.h(113): message : see declaration of 'dimg::dimg_log_edge_detection'
C:\Users\AlchenTheCat\Documents\UNIVERSIDAD\Semestre VIII\Topicos de computacion grafica\Proyecto1\src\dimg.h(253,115): error C2061: syntax error: identifier 'DIMGenum'
C:\Users\AlchenTheCat\Documents\UNIVERSIDAD\Semestre VIII\Topicos de computacion grafica\Proyecto1\src\dimg.h(253,121): error C2535: 'bool dimg::dimg_toon_shading(const char *,const char *,int,int)': member function already defined or declared
C:\Users\AlchenTheCat\Documents\UNIVERSIDAD\Semestre VIII\Topicos de computacion grafica\Proyecto1\src\dimg.h(114): message : see declaration of 'dimg::dimg_toon_shading'
C:\Users\AlchenTheCat\Documents\UNIVERSIDAD\Semestre VIII\Topicos de computacion grafica\Proyecto1\src\dimg.h(269,1): error C2059: syntax error: '>>'
C:\Users\AlchenTheCat\Documents\UNIVERSIDAD\Semestre VIII\Topicos de computacion grafica\Proyecto1\src\dimg.h(269,9): error C2177: constant too big
C:\Users\AlchenTheCat\Documents\UNIVERSIDAD\Semestre VIII\Topicos de computacion grafica\Proyecto1\src\dimg.h(270,8): error C2334: unexpected token(s) preceding ':'; skipping apparent function body
C:\Users\AlchenTheCat\Documents\UNIVERSIDAD\Semestre VIII\Topicos de computacion grafica\Proyecto1\src\dimg.h(283,9): error C2177: constant too big
C:\Users\AlchenTheCat\Documents\UNIVERSIDAD\Semestre VIII\Topicos de computacion grafica\Proyecto1\main.cpp(49,1): fatal error C1004: unexpected end-of-file found
  Shader.cpp
  dimg.cpp
C:\Users\AlchenTheCat\Documents\UNIVERSIDAD\Semestre VIII\Topicos de computacion grafica\Proyecto1\src\dimg.h(13,1): error C2059: syntax error: '<<'
C:\Users\AlchenTheCat\Documents\UNIVERSIDAD\Semestre VIII\Topicos de computacion grafica\Proyecto1\src\dimg.h(43,1): warning C4005: 'DIMG_RED': macro redefinition
C:\Users\AlchenTheCat\Documents\UNIVERSIDAD\Semestre VIII\Topicos de computacion grafica\Proyecto1\src\dimg.h(27): message : see previous definition of 'DIMG_RED'
C:\Users\AlchenTheCat\Documents\UNIVERSIDAD\Semestre VIII\Topicos de computacion grafica\Proyecto1\src\dimg.h(44,9): error C2177: constant too big
C:\Users\AlchenTheCat\Documents\UNIVERSIDAD\Semestre VIII\Topicos de computacion grafica\Proyecto1\src\dimg.h(104,1): error C2059: syntax error: '<<'
C:\Users\AlchenTheCat\Documents\UNIVERSIDAD\Semestre VIII\Topicos de computacion grafica\Proyecto1\src\dimg.h(105,75): error C2238: unexpected token(s) preceding ';'
C:\Users\AlchenTheCat\Documents\UNIVERSIDAD\Semestre VIII\Topicos de computacion grafica\Proyecto1\src\dimg.h(106,69): error C2061: syntax error: identifier 'DIMGenum'
C:\Users\AlchenTheCat\Documents\UNIVERSIDAD\Semestre VIII\Topicos de computacion grafica\Proyecto1\src\dimg.h(107,90): error C2061: syntax error: identifier 'DIMGenum'
C:\Users\AlchenTheCat\Documents\UNIVERSIDAD\Semestre VIII\Topicos de computacion grafica\Proyecto1\src\dimg.h(108,104): error C2061: syntax error: identifier 'DIMGenum'
C:\Users\AlchenTheCat\Documents\UNIVERSIDAD\Semestre VIII\Topicos de computacion grafica\Proyecto1\src\dimg.h(109,101): error C2061: syntax error: identifier 'DIMGenum'
C:\Users\AlchenTheCat\Documents\UNIVERSIDAD\Semestre VIII\Topicos de computacion grafica\Proyecto1\src\dimg.h(110,115): error C2061: syntax error: identifier 'DIMGenum'
C:\Users\AlchenTheCat\Documents\UNIVERSIDAD\Semestre VIII\Topicos de computacion grafica\Proyecto1\src\dimg.h(111,117): error C2061: syntax error: identifier 'DIMGenum'
C:\Users\AlchenTheCat\Documents\UNIVERSIDAD\Semestre VIII\Topicos de computacion grafica\Proyecto1\src\dimg.h(112,117): error C2061: syntax error: identifier 'DIMGenum'
C:\Users\AlchenTheCat\Documents\UNIVERSIDAD\Semestre VIII\Topicos de computacion grafica\Proyecto1\src\dimg.h(113,125): error C2061: syntax error: identifier 'DIMGenum'
C:\Users\AlchenTheCat\Documents\UNIVERSIDAD\Semestre VIII\Topicos de computacion grafica\Proyecto1\src\dimg.h(114,115): error C2061: syntax error: identifier 'DIMGenum'
C:\Users\AlchenTheCat\Documents\UNIVERSIDAD\Semestre VIII\Topicos de computacion grafica\Proyecto1\src\dimg.h(115,128): error C2061: syntax error: identifier 'DIMGenum'
C:\Users\AlchenTheCat\Documents\UNIVERSIDAD\Semestre VIII\Topicos de computacion grafica\Proyecto1\src\dimg.h(116,92): error C2061: syntax error: identifier 'DIMGenum'
C:\Users\AlchenTheCat\Documents\UNIVERSIDAD\Semestre VIII\Topicos de computacion grafica\Proyecto1\src\dimg.h(123,1): error C2059: syntax error: '=='
C:\Users\AlchenTheCat\Documents\UNIVERSIDAD\Semestre VIII\Topicos de computacion grafica\Proyecto1\src\dimg.h(135,74): error C2238: unexpected token(s) preceding ';'
C:\Users\AlchenTheCat\Documents\UNIVERSIDAD\Semestre VIII\Topicos de computacion grafica\Proyecto1\src\dimg.h(147,69): error C2061: syntax error: identifier 'DIMGenum'
C:\Users\AlchenTheCat\Documents\UNIVERSIDAD\Semestre VIII\Topicos de computacion grafica\Proyecto1\src\dimg.h(147,75): error C2535: 'bool dimg::dimg_grayscale(const char *,const char *)': member function already defined or declared
C:\Users\AlchenTheCat\Documents\UNIVERSIDAD\Semestre VIII\Topicos de computacion grafica\Proyecto1\src\dimg.h(106): message : see declaration of 'dimg::dimg_grayscale'
C:\Users\AlchenTheCat\Documents\UNIVERSIDAD\Semestre VIII\Topicos de computacion grafica\Proyecto1\src\dimg.h(159,90): error C2061: syntax error: identifier 'DIMGenum'
C:\Users\AlchenTheCat\Documents\UNIVERSIDAD\Semestre VIII\Topicos de computacion grafica\Proyecto1\src\dimg.h(159,96): error C2535: 'bool dimg::dimg_black_and_white(const char *,const char *,int)': member function already defined or declared
C:\Users\AlchenTheCat\Documents\UNIVERSIDAD\Semestre VIII\Topicos de computacion grafica\Proyecto1\src\dimg.h(107): message : see declaration of 'dimg::dimg_black_and_white'
C:\Users\AlchenTheCat\Documents\UNIVERSIDAD\Semestre VIII\Topicos de computacion grafica\Proyecto1\src\dimg.h(173,104): error C2061: syntax error: identifier 'DIMGenum'
C:\Users\AlchenTheCat\Documents\UNIVERSIDAD\Semestre VIII\Topicos de computacion grafica\Proyecto1\src\dimg.h(173,110): error C2535: 'bool dimg::dimg_mean_blur(const char *,const char *,int,int)': member function already defined or declared
C:\Users\AlchenTheCat\Documents\UNIVERSIDAD\Semestre VIII\Topicos de computacion grafica\Proyecto1\src\dimg.h(108): message : see declaration of 'dimg::dimg_mean_blur'
C:\Users\AlchenTheCat\Documents\UNIVERSIDAD\Semestre VIII\Topicos de computacion grafica\Proyecto1\src\dimg.h(186,101): error C2061: syntax error: identifier 'DIMGenum'
C:\Users\AlchenTheCat\Documents\UNIVERSIDAD\Semestre VIII\Topicos de computacion grafica\Proyecto1\src\dimg.h(186,107): error C2535: 'bool dimg::dimg_median(const char *,const char *,int,int)': member function already defined or declared
C:\Users\AlchenTheCat\Documents\UNIVERSIDAD\Semestre VIII\Topicos de computacion grafica\Proyecto1\src\dimg.h(109): message : see declaration of 'dimg::dimg_median'
C:\Users\AlchenTheCat\Documents\UNIVERSIDAD\Semestre VIII\Topicos de computacion grafica\Proyecto1\src\dimg.h(199,115): error C2061: syntax error: identifier 'DIMGenum'
C:\Users\AlchenTheCat\Documents\UNIVERSIDAD\Semestre VIII\Topicos de computacion grafica\Proyecto1\src\dimg.h(199,121): error C2535: 'bool dimg::dimg_sobel_edge_detection(const char *,const char *,int,int)': member function already defined or declared
C:\Users\AlchenTheCat\Documents\UNIVERSIDAD\Semestre VIII\Topicos de computacion grafica\Proyecto1\src\dimg.h(110): message : see declaration of 'dimg::dimg_sobel_edge_detection'
C:\Users\AlchenTheCat\Documents\UNIVERSIDAD\Semestre VIII\Topicos de computacion grafica\Proyecto1\src\dimg.h(212,117): error C2061: syntax error: identifier 'DIMGenum'
C:\Users\AlchenTheCat\Documents\UNIVERSIDAD\Semestre VIII\Topicos de computacion grafica\Proyecto1\src\dimg.h(212,123): error C2535: 'bool dimg::dimg_roberts_edge_detection(const char *,const char *,int,int)': member function already defined or declared
C:\Users\AlchenTheCat\Documents\UNIVERSIDAD\Semestre VIII\Topicos de computacion grafica\Proyecto1\src\dimg.h(111): message : see declaration of 'dimg::dimg_roberts_edge_detection'
C:\Users\AlchenTheCat\Documents\UNIVERSIDAD\Semestre VIII\Topicos de computacion grafica\Proyecto1\src\dimg.h(225,117): error C2061: syntax error: identifier 'DIMGenum'
C:\Users\AlchenTheCat\Documents\UNIVERSIDAD\Semestre VIII\Topicos de computacion grafica\Proyecto1\src\dimg.h(225,123): error C2535: 'bool dimg::dimg_prewitt_edge_detection(const char *,const char *,int,int)': member function already defined or declared
C:\Users\AlchenTheCat\Documents\UNIVERSIDAD\Semestre VIII\Topicos de computacion grafica\Proyecto1\src\dimg.h(112): message : see declaration of 'dimg::dimg_prewitt_edge_detection'
C:\Users\AlchenTheCat\Documents\UNIVERSIDAD\Semestre VIII\Topicos de computacion grafica\Proyecto1\src\dimg.h(239,126): error C2061: syntax error: identifier 'DIMGenum'
C:\Users\AlchenTheCat\Documents\UNIVERSIDAD\Semestre VIII\Topicos de computacion grafica\Proyecto1\src\dimg.h(239,132): error C2535: 'bool dimg::dimg_log_edge_detection(const char *,const char *,int,int,float)': member function already defined or declared
C:\Users\AlchenTheCat\Documents\UNIVERSIDAD\Semestre VIII\Topicos de computacion grafica\Proyecto1\src\dimg.h(113): message : see declaration of 'dimg::dimg_log_edge_detection'
C:\Users\AlchenTheCat\Documents\UNIVERSIDAD\Semestre VIII\Topicos de computacion grafica\Proyecto1\src\dimg.h(253,115): error C2061: syntax error: identifier 'DIMGenum'
C:\Users\AlchenTheCat\Documents\UNIVERSIDAD\Semestre VIII\Topicos de computacion grafica\Proyecto1\src\dimg.h(253,121): error C2535: 'bool dimg::dimg_toon_shading(const char *,const char *,int,int)': member function already defined or declared
C:\Users\AlchenTheCat\Documents\UNIVERSIDAD\Semestre VIII\Topicos de computacion grafica\Proyecto1\src\dimg.h(114): message : see declaration of 'dimg::dimg_toon_shading'
C:\Users\AlchenTheCat\Documents\UNIVERSIDAD\Semestre VIII\Topicos de computacion grafica\Proyecto1\src\dimg.h(269,1): error C2059: syntax error: '>>'
C:\Users\AlchenTheCat\Documents\UNIVERSIDAD\Semestre VIII\Topicos de computacion grafica\Proyecto1\src\dimg.h(269,9): error C2177: constant too big
C:\Users\AlchenTheCat\Documents\UNIVERSIDAD\Semestre VIII\Topicos de computacion grafica\Proyecto1\src\dimg.h(270,8): error C2334: unexpected token(s) preceding ':'; skipping apparent function body
C:\Users\AlchenTheCat\Documents\UNIVERSIDAD\Semestre VIII\Topicos de computacion grafica\Proyecto1\src\dimg.h(283,9): error C2177: constant too big
C:\Users\AlchenTheCat\Documents\UNIVERSIDAD\Semestre VIII\Topicos de computacion grafica\Proyecto1\src\stb_image.h(326,8): error C2059: syntax error: 'string'
C:\Users\AlchenTheCat\Documents\UNIVERSIDAD\Semestre VIII\Topicos de computacion grafica\Proyecto1\src\stb_image.h(326,12): error C2334: unexpected token(s) preceding '{'; skipping apparent function body
C:\Program Files (x86)\Windows Kits\10\Include\10.0.18362.0\ucrt\assert.h(14,1): error C2059: syntax error: 'string'
C:\Program Files (x86)\Windows Kits\10\Include\10.0.18362.0\ucrt\assert.h(14,1): error C2334: unexpected token(s) preceding '{'; skipping apparent function body
C:\Users\AlchenTheCat\Documents\UNIVERSIDAD\Semestre VIII\Topicos de computacion grafica\Proyecto1\src\stb_image.h(696,24): error C3646: 'io': unknown override specifier
C:\Users\AlchenTheCat\Documents\UNIVERSIDAD\Semestre VIII\Topicos de computacion grafica\Proyecto1\src\stb_image.h(696,24): error C4430: missing type specifier - int assumed. Note: C++ does not support default-int
C:\Users\AlchenTheCat\Documents\UNIVERSIDAD\Semestre VIII\Topicos de computacion grafica\Proyecto1\src\stb_image.h(720,71): error C2061: syntax error: identifier 'stbi_io_callbacks'
C:\Users\AlchenTheCat\Documents\UNIVERSIDAD\Semestre VIII\Topicos de computacion grafica\Proyecto1\src\stb_image.h(748,48): error C3646: 'stbi__stdio_callbacks': unknown override specifier
C:\Users\AlchenTheCat\Documents\UNIVERSIDAD\Semestre VIII\Topicos de computacion grafica\Proyecto1\src\stb_image.h(753,1): error C4430: missing type specifier - int assumed. Note: C++ does not support default-int
C:\Users\AlchenTheCat\Documents\UNIVERSIDAD\Semestre VIII\Topicos de computacion grafica\Proyecto1\src\stb_image.h(748,8): error C2864: 'dimg::stbi_io_callbacks': a static data member with an in-class initializer must have non-volatile const integral type or be specified as 'inline'
C:\Users\AlchenTheCat\Documents\UNIVERSIDAD\Semestre VIII\Topicos de computacion grafica\Proyecto1\src\stb_image.h(753,1): message : type is 'int'
C:\Users\AlchenTheCat\Documents\UNIVERSIDAD\Semestre VIII\Topicos de computacion grafica\Proyecto1\src\stb_image.h(847,1): error C2720: 'dimg::stbi_failure_reason': 'extern' storage-class specifier illegal on members
C:\Users\AlchenTheCat\Documents\UNIVERSIDAD\Semestre VIII\Topicos de computacion grafica\Proyecto1\src\stb_image.h(953,1): error C2720: 'dimg::stbi_image_free': 'extern' storage-class specifier illegal on members
C:\Users\AlchenTheCat\Documents\UNIVERSIDAD\Semestre VIII\Topicos de computacion grafica\Proyecto1\src\stb_image.h(965,45): error C2864: 'dimg::stbi__vertically_flip_on_load': a static data member with an in-class initializer must have non-volatile const integral type or be specified as 'inline'
C:\Users\AlchenTheCat\Documents\UNIVERSIDAD\Semestre VIII\Topicos de computacion grafica\Proyecto1\src\stb_image.h(965,45): message : type is 'int'
C:\Users\AlchenTheCat\Documents\UNIVERSIDAD\Semestre VIII\Topicos de computacion grafica\Proyecto1\src\stb_image.h(968,1): error C2720: 'dimg::stbi_set_flip_vertically_on_load': 'extern' storage-class specifier illegal on members
C:\Users\AlchenTheCat\Documents\UNIVERSIDAD\Semestre VIII\Topicos de computacion grafica\Proyecto1\src\stb_image.h(1160,1): error C2720: 'dimg::stbi_load': 'extern' storage-class specifier illegal on members
C:\Users\AlchenTheCat\Documents\UNIVERSIDAD\Semestre VIII\Topicos de computacion grafica\Proyecto1\src\stb_image.h(1170,1): error C2720: 'dimg::stbi_load_from_file': 'extern' storage-class specifier illegal on members
C:\Users\AlchenTheCat\Documents\UNIVERSIDAD\Semestre VIII\Topicos de computacion grafica\Proyecto1\src\stb_image.h(1183,1): error C2720: 'dimg::stbi_load_from_file_16': 'extern' storage-class specifier illegal on members
C:\Users\AlchenTheCat\Documents\UNIVERSIDAD\Semestre VIII\Topicos de computacion grafica\Proyecto1\src\stb_image.h(1196,1): error C2720: 'dimg::stbi_load_16': 'extern' storage-class specifier illegal on members
C:\Users\AlchenTheCat\Documents\UNIVERSIDAD\Semestre VIII\Topicos de computacion grafica\Proyecto1\src\stb_image.h(1209,1): error C2720: 'dimg::stbi_load_16_from_memory': 'extern' storage-class specifier illegal on members
C:\Users\AlchenTheCat\Documents\UNIVERSIDAD\Semestre VIII\Topicos de computacion grafica\Proyecto1\src\stb_image.h(1215,64): error C2061: syntax error: identifier 'stbi_io_callbacks'
C:\Users\AlchenTheCat\Documents\UNIVERSIDAD\Semestre VIII\Topicos de computacion grafica\Proyecto1\src\stb_image.h(1216,1): error C2720: 'dimg::stbi_load_16_from_callbacks': 'extern' storage-class specifier illegal on members
C:\Users\AlchenTheCat\Documents\UNIVERSIDAD\Semestre VIII\Topicos de computacion grafica\Proyecto1\src\stb_image.h(1223,1): error C2720: 'dimg::stbi_load_from_memory': 'extern' storage-class specifier illegal on members
C:\Users\AlchenTheCat\Documents\UNIVERSIDAD\Semestre VIII\Topicos de computacion grafica\Proyecto1\src\stb_image.h(1229,61): error C2061: syntax error: identifier 'stbi_io_callbacks'
C:\Users\AlchenTheCat\Documents\UNIVERSIDAD\Semestre VIII\Topicos de computacion grafica\Proyecto1\src\stb_image.h(1230,1): error C2720: 'dimg::stbi_load_from_callbacks': 'extern' storage-class specifier illegal on members
C:\Users\AlchenTheCat\Documents\UNIVERSIDAD\Semestre VIII\Topicos de computacion grafica\Proyecto1\src\stb_image.h(1238,1): error C2720: 'dimg::stbi_load_gif_from_memory': 'extern' storage-class specifier illegal on members
C:\Users\AlchenTheCat\Documents\UNIVERSIDAD\Semestre VIII\Topicos de computacion grafica\Proyecto1\src\stb_image.h(1272,1): error C2720: 'dimg::stbi_loadf_from_memory': 'extern' storage-class specifier illegal on members
C:\Users\AlchenTheCat\Documents\UNIVERSIDAD\Semestre VIII\Topicos de computacion grafica\Proyecto1\src\stb_image.h(1278,60): error C2061: syntax error: identifier 'stbi_io_callbacks'
C:\Users\AlchenTheCat\Documents\UNIVERSIDAD\Semestre VIII\Topicos de computacion grafica\Proyecto1\src\stb_image.h(1279,1): error C2720: 'dimg::stbi_loadf_from_callbacks': 'extern' storage-class specifier illegal on members
C:\Users\AlchenTheCat\Documents\UNIVERSIDAD\Semestre VIII\Topicos de computacion grafica\Proyecto1\src\stb_image.h(1287,1): error C2720: 'dimg::stbi_loadf': 'extern' storage-class specifier illegal on members
C:\Users\AlchenTheCat\Documents\UNIVERSIDAD\Semestre VIII\Topicos de computacion grafica\Proyecto1\src\stb_image.h(1297,1): error C2720: 'dimg::stbi_loadf_from_file': 'extern' storage-class specifier illegal on members
C:\Users\AlchenTheCat\Documents\UNIVERSIDAD\Semestre VIII\Topicos de computacion grafica\Proyecto1\src\stb_image.h(1311,1): error C2720: 'dimg::stbi_is_hdr_from_memory': 'extern' storage-class specifier illegal on members
C:\Users\AlchenTheCat\Documents\UNIVERSIDAD\Semestre VIII\Topicos de computacion grafica\Proyecto1\src\stb_image.h(1325,1): error C2720: 'dimg::stbi_is_hdr': 'extern' storage-class specifier illegal on members
C:\Users\AlchenTheCat\Documents\UNIVERSIDAD\Semestre VIII\Topicos de computacion grafica\Proyecto1\src\stb_image.h(1336,1): error C2720: 'dimg::stbi_is_hdr_from_file': 'extern' storage-class specifier illegal on members
C:\Users\AlchenTheCat\Documents\UNIVERSIDAD\Semestre VIII\Topicos de computacion grafica\Proyecto1\src\stb_image.h(1352,63): error C2061: syntax error: identifier 'stbi_io_callbacks'
C:\Users\AlchenTheCat\Documents\UNIVERSIDAD\Semestre VIII\Topicos de computacion grafica\Proyecto1\src\stb_image.h(1353,1): error C2720: 'dimg::stbi_is_hdr_from_callbacks': 'extern' storage-class specifier illegal on members
C:\Users\AlchenTheCat\Documents\UNIVERSIDAD\Semestre VIII\Topicos de computacion grafica\Proyecto1\src\stb_image.h(1366,34): error C2864: 'dimg::stbi__l2h_gamma': a static data member with an in-class initializer must have non-volatile const integral type or be specified as 'inline'
C:\Users\AlchenTheCat\Documents\UNIVERSIDAD\Semestre VIII\Topicos de computacion grafica\Proyecto1\src\stb_image.h(1366,34): message : type is 'float'
C:\Users\AlchenTheCat\Documents\UNIVERSIDAD\Semestre VIII\Topicos de computacion grafica\Proyecto1\src\stb_image.h(1366,56): error C2864: 'dimg::stbi__l2h_scale': a static data member with an in-class initializer must have non-volatile const integral type or be specified as 'inline'
C:\Users\AlchenTheCat\Documents\UNIVERSIDAD\Semestre VIII\Topicos de computacion grafica\Proyecto1\src\stb_image.h(1366,56): message : type is 'float'
C:\Users\AlchenTheCat\Documents\UNIVERSIDAD\Semestre VIII\Topicos de computacion grafica\Proyecto1\src\stb_image.h(1368,51): error C2720: 'dimg::stbi_ldr_to_hdr_gamma': 'extern' storage-class specifier illegal on members
C:\Users\AlchenTheCat\Documents\UNIVERSIDAD\Semestre VIII\Topicos de computacion grafica\Proyecto1\src\stb_image.h(1369,51): error C2720: 'dimg::stbi_ldr_to_hdr_scale': 'extern' storage-class specifier illegal on members
C:\Users\AlchenTheCat\Documents\UNIVERSIDAD\Semestre VIII\Topicos de computacion grafica\Proyecto1\src\stb_image.h(1372,41): error C2864: 'dimg::stbi__h2l_gamma_i': a static data member with an in-class initializer must have non-volatile const integral type or be specified as 'inline'
C:\Users\AlchenTheCat\Documents\UNIVERSIDAD\Semestre VIII\Topicos de computacion grafica\Proyecto1\src\stb_image.h(1372,41): message : type is 'float'
C:\Users\AlchenTheCat\Documents\UNIVERSIDAD\Semestre VIII\Topicos de computacion grafica\Proyecto1\src\stb_image.h(1372,65): error C2864: 'dimg::stbi__h2l_scale_i': a static data member with an in-class initializer must have non-volatile const integral type or be specified as 'inline'
C:\Users\AlchenTheCat\Documents\UNIVERSIDAD\Semestre VIII\Topicos de computacion grafica\Proyecto1\src\stb_image.h(1372,65): message : type is 'float'
C:\Users\AlchenTheCat\Documents\UNIVERSIDAD\Semestre VIII\Topicos de computacion grafica\Proyecto1\src\stb_image.h(1374,51): error C2720: 'dimg::stbi_hdr_to_ldr_gamma': 'extern' storage-class specifier illegal on members
C:\Users\AlchenTheCat\Documents\UNIVERSIDAD\Semestre VIII\Topicos de computacion grafica\Proyecto1\src\stb_image.h(1375,51): error C2720: 'dimg::stbi_hdr_to_ldr_scale': 'extern' storage-class specifier illegal on members
C:\Users\AlchenTheCat\Documents\UNIVERSIDAD\Semestre VIII\Topicos de computacion grafica\Proyecto1\src\stb_image.h(1391,1): error C2535: 'void dimg::stbi__refill_buffer(dimg::stbi__context *)': member function already defined or declared
C:\Users\AlchenTheCat\Documents\UNIVERSIDAD\Semestre VIII\Topicos de computacion grafica\Proyecto1\src\stb_image.h(708): message : see declaration of 'dimg::stbi__refill_buffer'
C:\Users\AlchenTheCat\Documents\UNIVERSIDAD\Semestre VIII\Topicos de computacion grafica\Proyecto1\src\stb_image.h(1614,1): error C2535: 'float *dimg::stbi__ldr_to_hdr(dimg::stbi_uc *,int,int,int)': member function already defined or declared
C:\Users\AlchenTheCat\Documents\UNIVERSIDAD\Semestre VIII\Topicos de computacion grafica\Proyecto1\src\stb_image.h(958): message : see declaration of 'dimg::stbi__ldr_to_hdr'
C:\Users\AlchenTheCat\Documents\UNIVERSIDAD\Semestre VIII\Topicos de computacion grafica\Proyecto1\src\stb_image.h(1636,1): error C2535: 'dimg::stbi_uc *dimg::stbi__hdr_to_ldr(float *,int,int,int)': member function already defined or declared
C:\Users\AlchenTheCat\Documents\UNIVERSIDAD\Semestre VIII\Topicos de computacion grafica\Proyecto1\src\stb_image.h(962): message : see declaration of 'dimg::stbi__hdr_to_ldr'
C:\Users\AlchenTheCat\Documents\UNIVERSIDAD\Semestre VIII\Topicos de computacion grafica\Proyecto1\src\stb_image.h(1842,110): error C2864: 'dimg::stbi__bmask': a static data member with an in-class initializer must have non-volatile const integral type or be specified as 'inline'
C:\Users\AlchenTheCat\Documents\UNIVERSIDAD\Semestre VIII\Topicos de computacion grafica\Proyecto1\src\stb_image.h(1842,110): message : type is 'const dimg::stbi__uint32 [17]'
C:\Users\AlchenTheCat\Documents\UNIVERSIDAD\Semestre VIII\Topicos de computacion grafica\Proyecto1\src\stb_image.h(1895,112): error C2864: 'dimg::stbi__jbias': a static data member with an in-class initializer must have non-volatile const integral type or be specified as 'inline'
C:\Users\AlchenTheCat\Documents\UNIVERSIDAD\Semestre VIII\Topicos de computacion grafica\Proyecto1\src\stb_image.h(1895,112): message : type is 'const int [16]'
C:\Users\AlchenTheCat\Documents\UNIVERSIDAD\Semestre VIII\Topicos de computacion grafica\Proyecto1\src\stb_image.h(1938,22): error C2864: 'dimg::stbi__jpeg_dezigzag': a static data member with an in-class initializer must have non-volatile const integral type or be specified as 'inline'
C:\Users\AlchenTheCat\Documents\UNIVERSIDAD\Semestre VIII\Topicos de computacion grafica\Proyecto1\src\stb_image.h(1951,1): message : type is 'const dimg::stbi_uc [79]'
C:\Users\AlchenTheCat\Documents\UNIVERSIDAD\Semestre VIII\Topicos de computacion grafica\Proyecto1\src\stb_image.h(3733,1): error C2535: 'void *dimg::stbi__jpeg_load(dimg::stbi__context *,int *,int *,int *,int,dimg::stbi__result_info *)': member function already defined or declared
C:\Users\AlchenTheCat\Documents\UNIVERSIDAD\Semestre VIII\Topicos de computacion grafica\Proyecto1\src\stb_image.h(788): message : see declaration of 'dimg::stbi__jpeg_load'
C:\Users\AlchenTheCat\Documents\UNIVERSIDAD\Semestre VIII\Topicos de computacion grafica\Proyecto1\src\stb_image.h(3745,1): error C2535: 'int dimg::stbi__jpeg_test(dimg::stbi__context *)': member function already defined or declared
C:\Users\AlchenTheCat\Documents\UNIVERSIDAD\Semestre VIII\Topicos de computacion grafica\Proyecto1\src\stb_image.h(787): message : see declaration of 'dimg::stbi__jpeg_test'
C:\Users\AlchenTheCat\Documents\UNIVERSIDAD\Semestre VIII\Topicos de computacion grafica\Proyecto1\src\stb_image.h(3769,1): error C2535: 'int dimg::stbi__jpeg_info(dimg::stbi__context *,int *,int *,int *)': member function already defined or declared
C:\Users\AlchenTheCat\Documents\UNIVERSIDAD\Semestre VIII\Topicos de computacion grafica\Proyecto1\src\stb_image.h(789): message : see declaration of 'dimg::stbi__jpeg_info'
C:\Users\AlchenTheCat\Documents\UNIVERSIDAD\Semestre VIII\Topicos de computacion grafica\Proyecto1\src\stb_image.h(3964,18): error C2864: 'dimg::stbi__zlength_base': a static data member with an in-class initializer must have non-volatile const integral type or be specified as 'inline'
C:\Users\AlchenTheCat\Documents\UNIVERSIDAD\Semestre VIII\Topicos de computacion grafica\Proyecto1\src\stb_image.h(3967,41): message : type is 'const int [31]'
C:\Users\AlchenTheCat\Documents\UNIVERSIDAD\Semestre VIII\Topicos de computacion grafica\Proyecto1\src\stb_image.h(3969,18): error C2864: 'dimg::stbi__zlength_extra': a static data member with an in-class initializer must have non-volatile const integral type or be specified as 'inline'
C:\Users\AlchenTheCat\Documents\UNIVERSIDAD\Semestre VIII\Topicos de computacion grafica\Proyecto1\src\stb_image.h(3970,65): message : type is 'const int [31]'
C:\Users\AlchenTheCat\Documents\UNIVERSIDAD\Semestre VIII\Topicos de computacion grafica\Proyecto1\src\stb_image.h(3972,18): error C2864: 'dimg::stbi__zdist_base': a static data member with an in-class initializer must have non-volatile const integral type or be specified as 'inline'
C:\Users\AlchenTheCat\Documents\UNIVERSIDAD\Semestre VIII\Topicos de computacion grafica\Proyecto1\src\stb_image.h(3973,73): message : type is 'const int [32]'
C:\Users\AlchenTheCat\Documents\UNIVERSIDAD\Semestre VIII\Topicos de computacion grafica\Proyecto1\src\stb_image.h(3975,18): error C2864: 'dimg::stbi__zdist_extra': a static data member with an in-class initializer must have non-volatile const integral type or be specified as 'inline'
C:\Users\AlchenTheCat\Documents\UNIVERSIDAD\Semestre VIII\Topicos de computacion grafica\Proyecto1\src\stb_image.h(3976,70): message : type is 'const int [32]'
C:\Users\AlchenTheCat\Documents\UNIVERSIDAD\Semestre VIII\Topicos de computacion grafica\Proyecto1\src\stb_image.h(4111,22): error C2864: 'dimg::stbi__zdefault_length': a static data member with an in-class initializer must have non-volatile const integral type or be specified as 'inline'
C:\Users\AlchenTheCat\Documents\UNIVERSIDAD\Semestre VIII\Topicos de computacion grafica\Proyecto1\src\stb_image.h(4122,1): message : type is 'const dimg::stbi_uc [288]'
C:\Users\AlchenTheCat\Documents\UNIVERSIDAD\Semestre VIII\Topicos de computacion grafica\Proyecto1\src\stb_image.h(4123,22): error C2864: 'dimg::stbi__zdefault_distance': a static data member with an in-class initializer must have non-volatile const integral type or be specified as 'inline'
C:\Users\AlchenTheCat\Documents\UNIVERSIDAD\Semestre VIII\Topicos de computacion grafica\Proyecto1\src\stb_image.h(4126,1): message : type is 'const dimg::stbi_uc [32]'
C:\Users\AlchenTheCat\Documents\UNIVERSIDAD\Semestre VIII\Topicos de computacion grafica\Proyecto1\src\stb_image.h(4179,1): error C2720: 'dimg::stbi_zlib_decode_malloc_guesssize': 'extern' storage-class specifier illegal on members
C:\Users\AlchenTheCat\Documents\UNIVERSIDAD\Semestre VIII\Topicos de computacion grafica\Proyecto1\src\stb_image.h(4195,1): error C2720: 'dimg::stbi_zlib_decode_malloc': 'extern' storage-class specifier illegal on members
C:\Users\AlchenTheCat\Documents\UNIVERSIDAD\Semestre VIII\Topicos de computacion grafica\Proyecto1\src\stb_image.h(4200,1): error C2720: 'dimg::stbi_zlib_decode_malloc_guesssize_headerflag': 'extern' storage-class specifier illegal on members
C:\Users\AlchenTheCat\Documents\UNIVERSIDAD\Semestre VIII\Topicos de computacion grafica\Proyecto1\src\stb_image.h(4216,1): error C2720: 'dimg::stbi_zlib_decode_buffer': 'extern' storage-class specifier illegal on members
C:\Users\AlchenTheCat\Documents\UNIVERSIDAD\Semestre VIII\Topicos de computacion grafica\Proyecto1\src\stb_image.h(4227,1): error C2720: 'dimg::stbi_zlib_decode_noheader_malloc': 'extern' storage-class specifier illegal on members
C:\Users\AlchenTheCat\Documents\UNIVERSIDAD\Semestre VIII\Topicos de computacion grafica\Proyecto1\src\stb_image.h(4243,1): error C2720: 'dimg::stbi_zlib_decode_noheader_buffer': 'extern' storage-class specifier illegal on members
C:\Users\AlchenTheCat\Documents\UNIVERSIDAD\Semestre VIII\Topicos de computacion grafica\Proyecto1\src\stb_image.h(4243,1): fatal error C1003: error count exceeds 100; stopping compilation
  Generating Code...
