c:\users\frank\desktop\tcg\proyecto 1\debug\vc141.pdb
c:\users\frank\desktop\tcg\proyecto 1\debug\vc141.idb
c:\users\frank\desktop\tcg\proyecto 1\debug\userinterface.obj
c:\users\frank\desktop\tcg\proyecto 1\debug\stb_image.obj
c:\users\frank\desktop\tcg\proyecto 1\debug\shader.obj
c:\users\frank\desktop\tcg\proyecto 1\debug\main.obj
c:\users\frank\desktop\tcg\proyecto 1\debug\dimg.obj
c:\users\frank\desktop\tcg\proyecto 1\debug\glad.obj
c:\users\frank\desktop\tcg\proyecto 1\debug\imgui_impl_opengl3.obj
c:\users\frank\desktop\tcg\proyecto 1\debug\dip_api.exe
c:\users\frank\desktop\tcg\proyecto 1\debug\dip_api.ilk
c:\users\frank\desktop\tcg\proyecto 1\debug\dip_api.pdb
c:\users\frank\desktop\tcg\proyecto 1\debug\dip_api.tlog\cl.command.1.tlog
c:\users\frank\desktop\tcg\proyecto 1\debug\dip_api.tlog\cl.read.1.tlog
c:\users\frank\desktop\tcg\proyecto 1\debug\dip_api.tlog\cl.write.1.tlog
c:\users\frank\desktop\tcg\proyecto 1\debug\dip_api.tlog\link-cvtres.read.1.tlog
c:\users\frank\desktop\tcg\proyecto 1\debug\dip_api.tlog\link-cvtres.write.1.tlog
c:\users\frank\desktop\tcg\proyecto 1\debug\dip_api.tlog\link-rc.read.1.tlog
c:\users\frank\desktop\tcg\proyecto 1\debug\dip_api.tlog\link-rc.write.1.tlog
c:\users\frank\desktop\tcg\proyecto 1\debug\dip_api.tlog\link.17932-cvtres.read.1.tlog
c:\users\frank\desktop\tcg\proyecto 1\debug\dip_api.tlog\link.17932-cvtres.write.1.tlog
c:\users\frank\desktop\tcg\proyecto 1\debug\dip_api.tlog\link.17932-rc.read.1.tlog
c:\users\frank\desktop\tcg\proyecto 1\debug\dip_api.tlog\link.17932-rc.write.1.tlog
c:\users\frank\desktop\tcg\proyecto 1\debug\dip_api.tlog\link.17932.read.1.tlog
c:\users\frank\desktop\tcg\proyecto 1\debug\dip_api.tlog\link.17932.write.1.tlog
c:\users\frank\desktop\tcg\proyecto 1\debug\dip_api.tlog\link.command.1.tlog
c:\users\frank\desktop\tcg\proyecto 1\debug\dip_api.tlog\link.read.1.tlog
c:\users\frank\desktop\tcg\proyecto 1\debug\dip_api.tlog\link.write.1.tlog
